<?xml version="1.0" encoding="UTF-8"?>
<!-- Generated by org.testng.reporters.JUnitReportReporter -->
<testsuite hostname="DESKTOP-UG4RQSG" name="com.login.xTest" tests="5" failures="0" timestamp="16 Nov 2017 13:31:08 GMT" time="0.018" errors="0">
  <testcase name="c5" time="0.002" classname="com.login.xTest"/>
  <testcase name="z1" time="0.002" classname="com.login.xTest"/>
  <testcase name="c2" time="0.007" classname="com.login.xTest"/>
  <testcase name="c3" time="0.004" classname="com.login.xTest"/>
  <testcase name="c4" time="0.003" classname="com.login.xTest"/>
</testsuite> <!-- com.login.xTest -->
