<?xml version="1.0" encoding="UTF-8"?>
<!-- Generated by org.testng.reporters.JUnitReportReporter -->
<testsuite hostname="DESKTOP-UG4RQSG" name="com.login.ZTest" tests="3" failures="0" timestamp="16 Nov 2017 13:31:08 GMT" time="0.027" errors="0">
  <testcase name="a1" time="0.018" classname="com.login.ZTest"/>
  <testcase name="a2" time="0.005" classname="com.login.ZTest"/>
  <testcase name="a3" time="0.004" classname="com.login.ZTest"/>
</testsuite> <!-- com.login.ZTest -->
